
2023-06-19 22:28:43,183 [INFO] Created spark session
2023-06-19 22:28:45,770 [INFO] Created  dataframe with employee details
2023-06-19 22:28:47,765 [INFO] Got selected column values
2023-06-19 22:28:48,468 [INFO] Added country,department,age columns 
2023-06-19 22:28:49,189 [INFO] Changed salary in salary column
2023-06-19 22:28:49,892 [INFO] Changed datatype of dob and salary as a string
2023-06-19 22:28:50,531 [INFO] Added new salary column
2023-06-19 22:28:51,233 [INFO] Renamed the columns
2023-06-19 22:28:51,951 [INFO] Got maximum salary from the column
2023-06-19 22:28:52,645 [INFO] Dropped the column department and age column
2023-06-19 22:28:53,305 [INFO] Got the distinct value from dob and salary column
2023-06-19 22:28:54,369 [INFO] Closing down clientserver connection
2023-06-20 12:35:15,368 [INFO] Created spark session
2023-06-20 12:35:21,133 [INFO] Created dataframe for products
2023-06-20 12:35:26,210 [INFO] Got timestamp format values from Issue Date column 
2023-06-20 12:35:27,846 [INFO] Got datetype format values
2023-06-20 12:35:29,399 [INFO] Removed extra space from Brand column 
2023-06-20 12:35:30,863 [INFO] Replaced values with null values 
2023-06-20 12:35:32,377 [INFO] Transformed dataframe column with details
2023-06-20 12:35:33,843 [INFO] Added new column with time format
2023-06-20 12:35:35,335 [INFO] Combined dataframes by inner join
2023-06-20 12:35:39,413 [INFO] Got field records
2023-06-20 12:35:42,751 [INFO] Closing down clientserver connection
2023-06-20 12:39:43,862 [INFO] Created spark session
2023-06-20 12:39:49,566 [INFO] Created  dataframe with employee details
2023-06-20 12:39:54,023 [INFO] Got selected column values
2023-06-20 12:39:55,531 [INFO] Added country,department,age columns 
2023-06-20 12:39:57,104 [INFO] Changed salary in salary column
2023-06-20 12:39:58,652 [INFO] Changed datatype of dob and salary as a string
2023-06-20 12:40:00,059 [INFO] Added new salary column
2023-06-20 12:40:01,610 [INFO] Renamed the columns
2023-06-20 12:40:03,128 [INFO] Got maximum salary from the column
2023-06-20 12:40:04,604 [INFO] Dropped the column department and age column
2023-06-20 12:40:06,058 [INFO] Got the distinct value from dob and salary column
2023-06-20 12:40:08,245 [INFO] Closing down clientserver connection
